find_header: checking for prism.h in C:/Users/VenkateshSivakumar/Desktop/Ruby_on_Rails/Task_Manangement/vendor/bundle/ruby/3.3.0/gems/prism-1.4.0/include... -------------------- yes

PATH=".;C:/Ruby33-x64/lib;C:\Ruby33-x64\bin;C:\Ruby33-x64\msys64\ucrt64\bin;C:\Ruby33-x64\msys64\usr\bin;C:\Program Files\Common Files\Oracle\Java\javapath;C:\WINDOWS\system32;C:\WINDOWS;C:\WINDOWS\System32\Wbem;C:\WINDOWS\System32\WindowsPowerShell\v1.0\;C:\WINDOWS\System32\OpenSSH\;C:\Program Files\nodejs\;C:\Program Files\Git\cmd;C:\Ruby33-x64\bin;C:\Users\VenkateshSivakumar\.local\bin;C:\Users\VenkateshSivakumar\AppData\Local\Programs\Python\Launcher\;C:\Users\VenkateshSivakumar\AppData\Local\Microsoft\WindowsApps;C:\Users\VenkateshSivakumar\AppData\Local\Programs\Microsoft VS Code\bin" "gcc -o conftest.exe -IC:/Ruby33-x64/include/ruby-3.3.0/x64-mingw-ucrt -IC:/Ruby33-x64/include/ruby-3.3.0/ruby/backward -IC:/Ruby33-x64/include/ruby-3.3.0 -I.  -DFD_SETSIZE=2048 -D_WIN32_WINNT=0x0600 -D__MINGW_USE_VC2005_COMPAT -D_FILE_OFFSET_BITS=64  -O3 -fno-fast-math -fstack-protector-strong conftest.c  -L. -LC:/Ruby33-x64/lib -L. -pipe -s -fstack-protector-strong -Wl,--no-as-needed     -lx64-ucrt-ruby330  -lshell32 -lws2_32 -liphlpapi -limagehlp -lshlwapi -lbcrypt  "
checked program was:
/* begin */
1: #include "ruby.h"
2: 
3: #include <winsock2.h>
4: #include <windows.h>
5: int main(int argc, char **argv)
6: {
7:   return !!argv[argc];
8: }
/* end */

PATH=".;C:/Ruby33-x64/lib;C:\Ruby33-x64\bin;C:\Ruby33-x64\msys64\ucrt64\bin;C:\Ruby33-x64\msys64\usr\bin;C:\Program Files\Common Files\Oracle\Java\javapath;C:\WINDOWS\system32;C:\WINDOWS;C:\WINDOWS\System32\Wbem;C:\WINDOWS\System32\WindowsPowerShell\v1.0\;C:\WINDOWS\System32\OpenSSH\;C:\Program Files\nodejs\;C:\Program Files\Git\cmd;C:\Ruby33-x64\bin;C:\Users\VenkateshSivakumar\.local\bin;C:\Users\VenkateshSivakumar\AppData\Local\Programs\Python\Launcher\;C:\Users\VenkateshSivakumar\AppData\Local\Microsoft\WindowsApps;C:\Users\VenkateshSivakumar\AppData\Local\Programs\Microsoft VS Code\bin" "gcc -IC:/Ruby33-x64/include/ruby-3.3.0/x64-mingw-ucrt -IC:/Ruby33-x64/include/ruby-3.3.0/ruby/backward -IC:/Ruby33-x64/include/ruby-3.3.0 -I.  -DFD_SETSIZE=2048 -D_WIN32_WINNT=0x0600 -D__MINGW_USE_VC2005_COMPAT -D_FILE_OFFSET_BITS=64  -O3 -fno-fast-math -fstack-protector-strong   -c conftest.c"
conftest.c:5:10: fatal error: prism.h: No such file or directory
    5 | #include <prism.h>
      |          ^~~~~~~~~
compilation terminated.
checked program was:
/* begin */
1: #include "ruby.h"
2: 
3: #include <winsock2.h>
4: #include <windows.h>
5: #include <prism.h>
/* end */

PATH=".;C:/Ruby33-x64/lib;C:\Ruby33-x64\bin;C:\Ruby33-x64\msys64\ucrt64\bin;C:\Ruby33-x64\msys64\usr\bin;C:\Program Files\Common Files\Oracle\Java\javapath;C:\WINDOWS\system32;C:\WINDOWS;C:\WINDOWS\System32\Wbem;C:\WINDOWS\System32\WindowsPowerShell\v1.0\;C:\WINDOWS\System32\OpenSSH\;C:\Program Files\nodejs\;C:\Program Files\Git\cmd;C:\Ruby33-x64\bin;C:\Users\VenkateshSivakumar\.local\bin;C:\Users\VenkateshSivakumar\AppData\Local\Programs\Python\Launcher\;C:\Users\VenkateshSivakumar\AppData\Local\Microsoft\WindowsApps;C:\Users\VenkateshSivakumar\AppData\Local\Programs\Microsoft VS Code\bin" "gcc -IC:/Ruby33-x64/include/ruby-3.3.0/x64-mingw-ucrt -IC:/Ruby33-x64/include/ruby-3.3.0/ruby/backward -IC:/Ruby33-x64/include/ruby-3.3.0 -I.  -DFD_SETSIZE=2048 -D_WIN32_WINNT=0x0600 -D__MINGW_USE_VC2005_COMPAT -D_FILE_OFFSET_BITS=64  -O3 -fno-fast-math -fstack-protector-strong  -IC:/Users/VenkateshSivakumar/Desktop/Ruby_on_Rails/Task_Manangement/vendor/bundle/ruby/3.3.0/gems/prism-1.4.0/include -c conftest.c"
checked program was:
/* begin */
1: #include "ruby.h"
2: 
3: #include <winsock2.h>
4: #include <windows.h>
5: #include <prism.h>
/* end */

--------------------

find_header: checking for prism/extension.h in C:/Users/VenkateshSivakumar/Desktop/Ruby_on_Rails/Task_Manangement/vendor/bundle/ruby/3.3.0/gems/prism-1.4.0/ext... -------------------- yes

PATH=".;C:/Ruby33-x64/lib;C:\Ruby33-x64\bin;C:\Ruby33-x64\msys64\ucrt64\bin;C:\Ruby33-x64\msys64\usr\bin;C:\Program Files\Common Files\Oracle\Java\javapath;C:\WINDOWS\system32;C:\WINDOWS;C:\WINDOWS\System32\Wbem;C:\WINDOWS\System32\WindowsPowerShell\v1.0\;C:\WINDOWS\System32\OpenSSH\;C:\Program Files\nodejs\;C:\Program Files\Git\cmd;C:\Ruby33-x64\bin;C:\Users\VenkateshSivakumar\.local\bin;C:\Users\VenkateshSivakumar\AppData\Local\Programs\Python\Launcher\;C:\Users\VenkateshSivakumar\AppData\Local\Microsoft\WindowsApps;C:\Users\VenkateshSivakumar\AppData\Local\Programs\Microsoft VS Code\bin" "gcc -IC:/Ruby33-x64/include/ruby-3.3.0/x64-mingw-ucrt -IC:/Ruby33-x64/include/ruby-3.3.0/ruby/backward -IC:/Ruby33-x64/include/ruby-3.3.0 -I. -IC:/Users/VenkateshSivakumar/Desktop/Ruby_on_Rails/Task_Manangement/vendor/bundle/ruby/3.3.0/gems/prism-1.4.0/include  -DFD_SETSIZE=2048 -D_WIN32_WINNT=0x0600 -D__MINGW_USE_VC2005_COMPAT -D_FILE_OFFSET_BITS=64  -O3 -fno-fast-math -fstack-protector-strong   -c conftest.c"
conftest.c:5:10: fatal error: prism/extension.h: No such file or directory
    5 | #include <prism/extension.h>
      |          ^~~~~~~~~~~~~~~~~~~
compilation terminated.
checked program was:
/* begin */
1: #include "ruby.h"
2: 
3: #include <winsock2.h>
4: #include <windows.h>
5: #include <prism/extension.h>
/* end */

PATH=".;C:/Ruby33-x64/lib;C:\Ruby33-x64\bin;C:\Ruby33-x64\msys64\ucrt64\bin;C:\Ruby33-x64\msys64\usr\bin;C:\Program Files\Common Files\Oracle\Java\javapath;C:\WINDOWS\system32;C:\WINDOWS;C:\WINDOWS\System32\Wbem;C:\WINDOWS\System32\WindowsPowerShell\v1.0\;C:\WINDOWS\System32\OpenSSH\;C:\Program Files\nodejs\;C:\Program Files\Git\cmd;C:\Ruby33-x64\bin;C:\Users\VenkateshSivakumar\.local\bin;C:\Users\VenkateshSivakumar\AppData\Local\Programs\Python\Launcher\;C:\Users\VenkateshSivakumar\AppData\Local\Microsoft\WindowsApps;C:\Users\VenkateshSivakumar\AppData\Local\Programs\Microsoft VS Code\bin" "gcc -IC:/Ruby33-x64/include/ruby-3.3.0/x64-mingw-ucrt -IC:/Ruby33-x64/include/ruby-3.3.0/ruby/backward -IC:/Ruby33-x64/include/ruby-3.3.0 -I. -IC:/Users/VenkateshSivakumar/Desktop/Ruby_on_Rails/Task_Manangement/vendor/bundle/ruby/3.3.0/gems/prism-1.4.0/include  -DFD_SETSIZE=2048 -D_WIN32_WINNT=0x0600 -D__MINGW_USE_VC2005_COMPAT -D_FILE_OFFSET_BITS=64  -O3 -fno-fast-math -fstack-protector-strong  -IC:/Users/VenkateshSivakumar/Desktop/Ruby_on_Rails/Task_Manangement/vendor/bundle/ruby/3.3.0/gems/prism-1.4.0/ext -c conftest.c"
checked program was:
/* begin */
1: #include "ruby.h"
2: 
3: #include <winsock2.h>
4: #include <windows.h>
5: #include <prism/extension.h>
/* end */

--------------------

append_cflags: checking for whether -fvisibility=hidden is accepted as CFLAGS... -------------------- yes

PATH=".;C:/Ruby33-x64/lib;C:\Ruby33-x64\bin;C:\Ruby33-x64\msys64\ucrt64\bin;C:\Ruby33-x64\msys64\usr\bin;C:\Program Files\Common Files\Oracle\Java\javapath;C:\WINDOWS\system32;C:\WINDOWS;C:\WINDOWS\System32\Wbem;C:\WINDOWS\System32\WindowsPowerShell\v1.0\;C:\WINDOWS\System32\OpenSSH\;C:\Program Files\nodejs\;C:\Program Files\Git\cmd;C:\Ruby33-x64\bin;C:\Users\VenkateshSivakumar\.local\bin;C:\Users\VenkateshSivakumar\AppData\Local\Programs\Python\Launcher\;C:\Users\VenkateshSivakumar\AppData\Local\Microsoft\WindowsApps;C:\Users\VenkateshSivakumar\AppData\Local\Programs\Microsoft VS Code\bin" "gcc -IC:/Ruby33-x64/include/ruby-3.3.0/x64-mingw-ucrt -IC:/Ruby33-x64/include/ruby-3.3.0/ruby/backward -IC:/Ruby33-x64/include/ruby-3.3.0 -I. -IC:/Users/VenkateshSivakumar/Desktop/Ruby_on_Rails/Task_Manangement/vendor/bundle/ruby/3.3.0/gems/prism-1.4.0/include -IC:/Users/VenkateshSivakumar/Desktop/Ruby_on_Rails/Task_Manangement/vendor/bundle/ruby/3.3.0/gems/prism-1.4.0/ext  -DFD_SETSIZE=2048 -D_WIN32_WINNT=0x0600 -D__MINGW_USE_VC2005_COMPAT -D_FILE_OFFSET_BITS=64  -O3 -fno-fast-math -fstack-protector-strong  -fvisibility=hidden -Werror -c conftest.c"
checked program was:
/* begin */
1: #include "ruby.h"
2: 
3: #include <winsock2.h>
4: #include <windows.h>
5: int main(int argc, char **argv)
6: {
7:   return !!argv[argc];
8: }
/* end */

--------------------

